Start testing: Mar 15 01:24 HKT
----------------------------------------------------------
1/4 Testing: MemoryPoolTest.BasicAllocation
1/4 Test: MemoryPoolTest.BasicAllocation
Command: "/app/v4/build/test/memory_pool_test" "--gtest_filter=MemoryPoolTest.BasicAllocation" "--gtest_also_run_disabled_tests"
Directory: /app/v4/build/test
"MemoryPoolTest.BasicAllocation" start time: Mar 15 01:24 HKT
Output:
----------------------------------------------------------
Running main() from /app/v4/build/_deps/googletest-src/googletest/src/gtest_main.cc
Note: Google Test filter = MemoryPoolTest.BasicAllocation
[==========] Running 1 test from 1 test suite.
[----------] Global test environment set-up.
[----------] 1 test from MemoryPoolTest
[ RUN      ] MemoryPoolTest.BasicAllocation
[       OK ] MemoryPoolTest.BasicAllocation (0 ms)
[----------] 1 test from MemoryPoolTest (0 ms total)

[----------] Global test environment tear-down
[==========] 1 test from 1 test suite ran. (0 ms total)
[  PASSED  ] 1 test.
<end of output>
Test time =   0.00 sec
----------------------------------------------------------
Test Passed.
"MemoryPoolTest.BasicAllocation" end time: Mar 15 01:24 HKT
"MemoryPoolTest.BasicAllocation" time elapsed: 00:00:00
----------------------------------------------------------

2/4 Testing: MemoryPoolTest.MultipleAllocations
2/4 Test: MemoryPoolTest.MultipleAllocations
Command: "/app/v4/build/test/memory_pool_test" "--gtest_filter=MemoryPoolTest.MultipleAllocations" "--gtest_also_run_disabled_tests"
Directory: /app/v4/build/test
"MemoryPoolTest.MultipleAllocations" start time: Mar 15 01:24 HKT
Output:
----------------------------------------------------------
Running main() from /app/v4/build/_deps/googletest-src/googletest/src/gtest_main.cc
Note: Google Test filter = MemoryPoolTest.MultipleAllocations
[==========] Running 1 test from 1 test suite.
[----------] Global test environment set-up.
[----------] 1 test from MemoryPoolTest
[ RUN      ] MemoryPoolTest.MultipleAllocations
[       OK ] MemoryPoolTest.MultipleAllocations (0 ms)
[----------] 1 test from MemoryPoolTest (0 ms total)

[----------] Global test environment tear-down
[==========] 1 test from 1 test suite ran. (0 ms total)
[  PASSED  ] 1 test.
<end of output>
Test time =   0.00 sec
----------------------------------------------------------
Test Passed.
"MemoryPoolTest.MultipleAllocations" end time: Mar 15 01:24 HKT
"MemoryPoolTest.MultipleAllocations" time elapsed: 00:00:00
----------------------------------------------------------

3/4 Testing: MemoryPoolTest.DifferentSizesAllocation
3/4 Test: MemoryPoolTest.DifferentSizesAllocation
Command: "/app/v4/build/test/memory_pool_test" "--gtest_filter=MemoryPoolTest.DifferentSizesAllocation" "--gtest_also_run_disabled_tests"
Directory: /app/v4/build/test
"MemoryPoolTest.DifferentSizesAllocation" start time: Mar 15 01:24 HKT
Output:
----------------------------------------------------------
Running main() from /app/v4/build/_deps/googletest-src/googletest/src/gtest_main.cc
Note: Google Test filter = MemoryPoolTest.DifferentSizesAllocation
[==========] Running 1 test from 1 test suite.
[----------] Global test environment set-up.
[----------] 1 test from MemoryPoolTest
[ RUN      ] MemoryPoolTest.DifferentSizesAllocation
[       OK ] MemoryPoolTest.DifferentSizesAllocation (0 ms)
[----------] 1 test from MemoryPoolTest (0 ms total)

[----------] Global test environment tear-down
[==========] 1 test from 1 test suite ran. (0 ms total)
[  PASSED  ] 1 test.
<end of output>
Test time =   0.00 sec
----------------------------------------------------------
Test Passed.
"MemoryPoolTest.DifferentSizesAllocation" end time: Mar 15 01:24 HKT
"MemoryPoolTest.DifferentSizesAllocation" time elapsed: 00:00:00
----------------------------------------------------------

4/4 Testing: MemoryPoolTest.ThreadSafeAllocation
4/4 Test: MemoryPoolTest.ThreadSafeAllocation
Command: "/app/v4/build/test/memory_pool_test" "--gtest_filter=MemoryPoolTest.ThreadSafeAllocation" "--gtest_also_run_disabled_tests"
Directory: /app/v4/build/test
"MemoryPoolTest.ThreadSafeAllocation" start time: Mar 15 01:24 HKT
Output:
----------------------------------------------------------
Running main() from /app/v4/build/_deps/googletest-src/googletest/src/gtest_main.cc
Note: Google Test filter = MemoryPoolTest.ThreadSafeAllocation
[==========] Running 1 test from 1 test suite.
[----------] Global test environment set-up.
[----------] 1 test from MemoryPoolTest
[ RUN      ] MemoryPoolTest.ThreadSafeAllocation
[       OK ] MemoryPoolTest.ThreadSafeAllocation (0 ms)
[----------] 1 test from MemoryPoolTest (0 ms total)

[----------] Global test environment tear-down
[==========] 1 test from 1 test suite ran. (0 ms total)
[  PASSED  ] 1 test.
<end of output>
Test time =   0.00 sec
----------------------------------------------------------
Test Passed.
"MemoryPoolTest.ThreadSafeAllocation" end time: Mar 15 01:24 HKT
"MemoryPoolTest.ThreadSafeAllocation" time elapsed: 00:00:00
----------------------------------------------------------

End testing: Mar 15 01:24 HKT
